<?xml version="1.0" encoding="UTF-8"?>
<!-- Generated by org.testng.reporters.JUnitXMLReporter -->
<testsuite hostname="LAPTOP-RRO4KGR3" ignored="0" name="Bank Manager Login Test" tests="2" failures="0" timestamp="30 Jun 2021 17:17:21 GMT" time="9.501" errors="0">
  <testcase name="loginasBankManahger" time="9.111" classname="com.w2a.testcases.LoginTest"/>
  <testcase name="loginasnewbankmanaer" time="0.004" classname="com.w2a.testcases.LoginTest"/>
</testsuite> <!-- Bank Manager Login Test -->
