<?xml version="1.0" encoding="UTF-8"?>
<testng-results skipped="0" failed="0" ignored="0" total="3" passed="3">
  <reporter-output>
    <line>
      <![CDATA[adding customer message ]]>
    </line>
  </reporter-output>
  <suite name="Data Driven Basics" duration-ms="18207" started-at="2021-06-30T17:17:12Z" finished-at="2021-06-30T17:17:30Z">
    <groups>
    </groups>
    <test name="Bank Manager Login Test" duration-ms="9501" started-at="2021-06-30T17:17:12Z" finished-at="2021-06-30T17:17:21Z">
      <class name="com.w2a.testcases.LoginTest">
        <test-method status="PASS" signature="loginasBankManahger()[pri:0, instance:com.w2a.testcases.LoginTest@9d5509a]" name="loginasBankManahger" duration-ms="9111" started-at="2021-06-30T22:47:12Z" finished-at="2021-06-30T22:47:21Z">
          <reporter-output>
          </reporter-output>
        </test-method> <!-- loginasBankManahger -->
        <test-method status="PASS" signature="loginasnewbankmanaer()[pri:0, instance:com.w2a.testcases.LoginTest@9d5509a]" name="loginasnewbankmanaer" duration-ms="4" started-at="2021-06-30T22:47:21Z" finished-at="2021-06-30T22:47:21Z">
          <reporter-output>
          </reporter-output>
        </test-method> <!-- loginasnewbankmanaer -->
      </class> <!-- com.w2a.testcases.LoginTest -->
    </test> <!-- Bank Manager Login Test -->
    <test name="Add customer Test" duration-ms="8679" started-at="2021-06-30T17:17:21Z" finished-at="2021-06-30T17:17:30Z">
      <class name="com.w2a.testcases.AddCustomerTest">
        <test-method status="PASS" signature="setUp()[pri:0, instance:com.w2a.testcases.AddCustomerTest@ba2f4ec]" name="setUp" is-config="true" duration-ms="6208" started-at="2021-06-30T22:47:05Z" finished-at="2021-06-30T22:47:12Z">
          <reporter-output>
          </reporter-output>
        </test-method> <!-- setUp -->
        <test-method status="PASS" signature="addCustomerTest(java.util.Hashtable)[pri:0, instance:com.w2a.testcases.AddCustomerTest@ba2f4ec]" name="addCustomerTest" duration-ms="8612" started-at="2021-06-30T22:47:21Z" data-provider="dp" finished-at="2021-06-30T22:47:30Z">
          <params>
            <param index="0">
              <value>
                <![CDATA[{postcode=1.0, lastname=1.0, firstname=1.0}]]>
              </value>
            </param>
          </params>
          <reporter-output>
            <line>
              <![CDATA[adding customer message ]]>
            </line>
          </reporter-output>
        </test-method> <!-- addCustomerTest -->
        <test-method status="PASS" signature="tearDown()[pri:0, instance:com.w2a.testcases.AddCustomerTest@ba2f4ec]" name="tearDown" is-config="true" duration-ms="715" started-at="2021-06-30T22:47:30Z" finished-at="2021-06-30T22:47:31Z">
          <reporter-output>
          </reporter-output>
        </test-method> <!-- tearDown -->
      </class> <!-- com.w2a.testcases.AddCustomerTest -->
    </test> <!-- Add customer Test -->
  </suite> <!-- Data Driven Basics -->
</testng-results>
