<?xml version="1.0" encoding="UTF-8"?>
<!-- Generated by org.testng.reporters.JUnitXMLReporter -->
<testsuite hostname="LAPTOP-RRO4KGR3" ignored="0" name="Bank Manager Login Test" tests="2" failures="1" timestamp="30 Jun 2021 03:04:15 GMT" time="9.373" errors="0">
  <testcase name="loginasBankManahger" time="9.122" classname="com.w2a.testcases.LoginTest">
    <failure type="java.lang.AssertionError" message="intentially failing the test">
      <![CDATA[java.lang.AssertionError: intentially failing the test
	at com.w2a.testcases.LoginTest.loginasBankManahger(LoginTest.java:16)
... Removed 26 stack frames]]>
    </failure>
  </testcase> <!-- loginasBankManahger -->
  <testcase name="loginasnewbankmanaer" time="0.002" classname="com.w2a.testcases.LoginTest"/>
</testsuite> <!-- Bank Manager Login Test -->
